<?xml version="1.0" encoding="UTF-8"?>
<!-- Generated by org.testng.reporters.JUnitXMLReporter -->
<testsuite ignored="0" hostname="DESKTOP-9TT09F0" failures="0" tests="2" name="Default test" time="6.746" errors="0" timestamp="2021-11-29T18:44:03 IST">
  <testcase classname="com.testng.revision1.revise.invokeBrowserDynamically" name="SetBrowser" time="4.825"/>
  <testcase classname="com.testng.revision1.revise.invokeBrowserDynamically" name="VerifyFacebook" time="1.803"/>
</testsuite> <!-- Default test -->
