<?xml version="1.0" encoding="UTF-8"?>
<testng-results ignored="0" total="1" passed="1" failed="0" skipped="0">
  <reporter-output>
  </reporter-output>
  <suite started-at="2021-11-29T19:39:14 IST" name="Suite" finished-at="2021-11-29T19:39:31 IST" duration-ms="17449">
    <groups>
    </groups>
    <test started-at="2021-11-29T19:39:14 IST" name="Test" finished-at="2021-11-29T19:39:31 IST" duration-ms="17449">
      <class name="InvokeBrowserDynamically.FacebookTest">
        <test-method is-config="true" signature="OpenBrowser(java.lang.String)[pri:0, instance:InvokeBrowserDynamically.FacebookTest@1fe20588]" started-at="2021-11-29T19:39:14 IST" name="OpenBrowser" finished-at="2021-11-29T19:39:23 IST" duration-ms="8919" status="PASS">
          <params>
            <param index="0">
              <value>
                <![CDATA[firefox]]>
              </value>
            </param>
          </params>
          <reporter-output>
          </reporter-output>
        </test-method> <!-- OpenBrowser -->
        <test-method signature="FacebookLaunch()[pri:0, instance:InvokeBrowserDynamically.FacebookTest@1fe20588]" started-at="2021-11-29T19:39:23 IST" name="FacebookLaunch" finished-at="2021-11-29T19:39:31 IST" duration-ms="8307" status="PASS">
          <reporter-output>
          </reporter-output>
        </test-method> <!-- FacebookLaunch -->
      </class> <!-- InvokeBrowserDynamically.FacebookTest -->
    </test> <!-- Test -->
  </suite> <!-- Suite -->
</testng-results>
